[INFO] Scanning for projects...
[INFO] 
[INFO] -----------------------< com.example:ChatFilter >-----------------------
[INFO] Building ChatFilter 1.0
[INFO]   from pom.xml
[INFO] --------------------------------[ jar ]---------------------------------
[INFO] 
[INFO] --- clean:3.2.0:clean (default-clean) @ ChatFilter ---
[INFO] Deleting /workspaces/EaglerServer-1.12/ChatFilterPlugin/target
[INFO] 
[INFO] --- resources:3.3.1:resources (default-resources) @ ChatFilter ---
[WARNING] Using platform encoding (UTF-8 actually) to copy filtered resources, i.e. build is platform dependent!
[INFO] Copying 2 resources from src/main/resources to target/classes
[INFO] 
[INFO] --- compiler:3.8.0:compile (default-compile) @ ChatFilter ---
[INFO] Changes detected - recompiling the module!
[WARNING] File encoding has not been set, using platform encoding UTF-8, i.e. build is platform dependent!
[INFO] Compiling 1 source file to /workspaces/EaglerServer-1.12/ChatFilterPlugin/target/classes
[INFO] -------------------------------------------------------------
[ERROR] COMPILATION ERROR : 
[INFO] -------------------------------------------------------------
[ERROR] /workspaces/EaglerServer-1.12/ChatFilterPlugin/src/main/java/com/example/chatfilter/ChatFilter.java:[18,53] cannot find symbol
  symbol:   class AuthCommands
  location: class com.example.chatfilter.ChatFilter
[ERROR] /workspaces/EaglerServer-1.12/ChatFilterPlugin/src/main/java/com/example/chatfilter/ChatFilter.java:[19,50] cannot find symbol
  symbol:   class AuthCommands
  location: class com.example.chatfilter.ChatFilter
[INFO] 2 errors 
[INFO] -------------------------------------------------------------
[INFO] ------------------------------------------------------------------------
[INFO] BUILD FAILURE
[INFO] ------------------------------------------------------------------------
[INFO] Total time:  2.248 s
[INFO] Finished at: 2025-06-26T05:09:34Z
[INFO] ------------------------------------------------------------------------
[ERROR] Failed to execute goal org.apache.maven.plugins:maven-compiler-plugin:3.8.0:compile (default-compile) on project ChatFilter: Compilation failure: Compilation failure: 
[ERROR] /workspaces/EaglerServer-1.12/ChatFilterPlugin/src/main/java/com/example/chatfilter/ChatFilter.java:[18,53] cannot find symbol
[ERROR]   symbol:   class AuthCommands
[ERROR]   location: class com.example.chatfilter.ChatFilter
[ERROR] /workspaces/EaglerServer-1.12/ChatFilterPlugin/src/main/java/com/example/chatfilter/ChatFilter.java:[19,50] cannot find symbol
[ERROR]   symbol:   class AuthCommands
[ERROR]   location: class com.example.chatfilter.ChatFilter
[ERROR] -> [Help 1]
[ERROR] 
[ERROR] To see the full stack trace of the errors, re-run Maven with the -e switch.
[ERROR] Re-run Maven using the -X switch to enable full debug logging.
[ERROR] 
[ERROR] For more information about the errors and possible solutions, please read the following articles:
[ERROR] [Help 1] http://cwiki.apache.org/confluence/display/MAVEN/MojoFailureException
